
> lph-hoteis@1.0.0 dev
> next dev

   ▲ Next.js 15.5.15
   - Local:        http://localhost:3000
   - Network:      http://192.168.1.21:3000
   - Environments: .env

 ✓ Starting...
 ✓ Ready in 1989ms
 ○ Compiling /api/auth/login ...
 ✓ Compiled /api/auth/login in 1490ms (719 modules)
 POST /api/auth/login 400 in 1899ms
 POST /api/auth/login 400 in 1916ms
 GET /login 200 in 2351ms
 GET /login 200 in 2346ms
 POST /api/auth/login 401 in 475ms
 ○ Compiling /admin ...
 POST /api/auth/login 401 in 557ms
 ✓ Compiled /admin in 1456ms (799 modules)
[auth/login] Admin login without active 2FA. { userId: 'cmoeu3rk10000sjjcllekxkk6', email: 'qa.no2fa@local.test' }
 POST /api/auth/login 200 in 2079ms
 GET /admin 307 in 2143ms
 GET /admin 200 in 215ms
[auth/login] Admin login without active 2FA. { userId: 'cmoeu3rk10000sjjcllekxkk6', email: 'qa.no2fa@local.test' }
 POST /api/auth/login 200 in 298ms
 GET /admin 200 in 211ms
 ✓ Compiled /_not-found in 341ms (804 modules)
 GET /login 404 in 776ms
 ✓ Compiled in 1512ms (252 modules)
 ✓ Compiled in 340ms (252 modules)
 ✓ Compiled in 292ms (252 modules)
 ✓ Compiled in 222ms (252 modules)
 ✓ Compiled in 273ms (238 modules)
