
> lph-hoteis@1.0.0 dev
> next dev

   ▲ Next.js 15.5.15
   - Local:        http://localhost:3000
   - Network:      http://192.168.1.21:3000
   - Environments: .env

 ✓ Starting...
 ✓ Ready in 2.6s
 ○ Compiling / ...
 ✓ Compiled / in 3.7s (763 modules)
prisma:error 
Invalid `prisma.$queryRaw()` invocation:


Error validating datasource `db`: the URL must start with the protocol `prisma://` or `prisma+postgres://`
 GET / 200 in 4680ms
 ○ Compiling /hoteis/[slug] ...
 ✓ Compiled /hoteis/[slug] in 1369ms (763 modules)
prisma:error 
Invalid `prisma.$queryRaw()` invocation:


Error validating datasource `db`: the URL must start with the protocol `prisma://` or `prisma+postgres://`
 GET /hoteis/lph-lago-sul 404 in 2411ms
 ✓ Compiled /login in 485ms (775 modules)
 GET /login 200 in 1174ms
 GET /login? 200 in 130ms
 ○ Compiling /api/auth/login ...
 ✓ Compiled /api/auth/login in 632ms (867 modules)
prisma:error 
Invalid `prisma.user.findUnique()` invocation:


Error validating datasource `db`: the URL must start with the protocol `prisma://` or `prisma+postgres://`
 POST /api/auth/login 500 in 1345ms
prisma:error 
Invalid `prisma.$queryRaw()` invocation:


Error validating datasource `db`: the URL must start with the protocol `prisma://` or `prisma+postgres://`
 GET /hoteis/pousada-charle-brown 200 in 780ms
 ○ Compiling /admin ...
 ✓ Compiled /admin in 645ms (878 modules)
 GET /admin 307 in 1289ms
 GET /login 200 in 167ms
prisma:error 
Invalid `prisma.user.findUnique()` invocation:


Error validating datasource `db`: the URL must start with the protocol `prisma://` or `prisma+postgres://`
 POST /api/auth/login 500 in 268ms
 ✓ Compiled in 563ms (665 modules)
 ✓ Compiled in 537ms (679 modules)
